2023-01-28 08:41:35,854 [Worker-0: Loading available Gradle versions] INFO  o.e.b.c.i.u.g.PublishedGradleVersions - Gradle version information cache is out-of-date. Trying to update.
2023-01-28 08:42:04,468 [Worker-2: Importing Maven projects] INFO  o.e.m.c.i.l.LifecycleMappingFactory - Using org.eclipse.m2e.jdt.JarLifecycleMapping lifecycle mapping for MavenProject: com.algods:pattern:1.0-SNAPSHOT @ D:\TechnologyStack\Educative\Algorithm-Datastructure\Grokking_Coding_Interview_Patterns_Java\workspace-pattern\git\algo-ds-pattern\pattern\pom.xml.
2023-01-28 08:42:05,582 [Worker-2: Importing Maven projects] INFO  o.e.m.j.i.AbstractJavaProjectConfigurator - Adding source folder /pattern/src/main/java
2023-01-28 08:42:05,583 [Worker-2: Importing Maven projects] INFO  o.e.m.j.i.AbstractJavaProjectConfigurator - Adding source folder /pattern/src/test/java
2023-01-28 08:42:06,929 [Worker-2: Importing Maven projects] INFO  o.e.m.c.i.p.ProjectConfigurationManager - Imported and configured 1 project(s) in 4 sec
2023-01-28 08:42:08,589 [Worker-6: Building] WARN  o.e.m.c.i.embedder.EclipseLogger - Using platform encoding (Cp1252 actually) to copy filtered resources, i.e. build is platform dependent!
2023-01-28 08:42:08,591 [Worker-6: Building] INFO  o.e.m.c.i.embedder.EclipseLogger - skip non existing resourceDirectory D:\TechnologyStack\Educative\Algorithm-Datastructure\Grokking_Coding_Interview_Patterns_Java\workspace-pattern\git\algo-ds-pattern\pattern\src\main\resources
2023-01-28 08:42:08,594 [Worker-6: Building] WARN  o.e.m.c.i.embedder.EclipseLogger - Using platform encoding (Cp1252 actually) to copy filtered resources, i.e. build is platform dependent!
2023-01-28 08:42:08,596 [Worker-6: Building] INFO  o.e.m.c.i.embedder.EclipseLogger - skip non existing resourceDirectory D:\TechnologyStack\Educative\Algorithm-Datastructure\Grokking_Coding_Interview_Patterns_Java\workspace-pattern\git\algo-ds-pattern\pattern\src\test\resources
2023-01-28 08:59:05,264 [Worker-11: Building] WARN  o.e.m.c.i.embedder.EclipseLogger - Using platform encoding (Cp1252 actually) to copy filtered resources, i.e. build is platform dependent!
2023-01-28 08:59:05,265 [Worker-11: Building] INFO  o.e.m.c.i.embedder.EclipseLogger - skip non existing resourceDirectory D:\TechnologyStack\Educative\Algorithm-Datastructure\Grokking_Coding_Interview_Patterns_Java\workspace-pattern\git\algo-ds-pattern\pattern\src\main\resources
2023-01-28 08:59:05,267 [Worker-11: Building] WARN  o.e.m.c.i.embedder.EclipseLogger - Using platform encoding (Cp1252 actually) to copy filtered resources, i.e. build is platform dependent!
2023-01-28 08:59:05,268 [Worker-11: Building] INFO  o.e.m.c.i.embedder.EclipseLogger - skip non existing resourceDirectory D:\TechnologyStack\Educative\Algorithm-Datastructure\Grokking_Coding_Interview_Patterns_Java\workspace-pattern\git\algo-ds-pattern\pattern\src\test\resources
2023-01-28 08:59:30,268 [Worker-10: Building] WARN  o.e.m.c.i.embedder.EclipseLogger - Using platform encoding (Cp1252 actually) to copy filtered resources, i.e. build is platform dependent!
2023-01-28 08:59:30,269 [Worker-10: Building] INFO  o.e.m.c.i.embedder.EclipseLogger - skip non existing resourceDirectory D:\TechnologyStack\Educative\Algorithm-Datastructure\Grokking_Coding_Interview_Patterns_Java\workspace-pattern\git\algo-ds-pattern\pattern\src\main\resources
2023-01-28 08:59:30,270 [Worker-10: Building] WARN  o.e.m.c.i.embedder.EclipseLogger - Using platform encoding (Cp1252 actually) to copy filtered resources, i.e. build is platform dependent!
2023-01-28 08:59:30,271 [Worker-10: Building] INFO  o.e.m.c.i.embedder.EclipseLogger - skip non existing resourceDirectory D:\TechnologyStack\Educative\Algorithm-Datastructure\Grokking_Coding_Interview_Patterns_Java\workspace-pattern\git\algo-ds-pattern\pattern\src\test\resources
2023-01-28 08:59:52,681 [Worker-10: Building] WARN  o.e.m.c.i.embedder.EclipseLogger - Using platform encoding (Cp1252 actually) to copy filtered resources, i.e. build is platform dependent!
2023-01-28 08:59:52,682 [Worker-10: Building] INFO  o.e.m.c.i.embedder.EclipseLogger - skip non existing resourceDirectory D:\TechnologyStack\Educative\Algorithm-Datastructure\Grokking_Coding_Interview_Patterns_Java\workspace-pattern\git\algo-ds-pattern\pattern\src\main\resources
2023-01-28 08:59:52,684 [Worker-10: Building] WARN  o.e.m.c.i.embedder.EclipseLogger - Using platform encoding (Cp1252 actually) to copy filtered resources, i.e. build is platform dependent!
2023-01-28 08:59:52,686 [Worker-10: Building] INFO  o.e.m.c.i.embedder.EclipseLogger - skip non existing resourceDirectory D:\TechnologyStack\Educative\Algorithm-Datastructure\Grokking_Coding_Interview_Patterns_Java\workspace-pattern\git\algo-ds-pattern\pattern\src\test\resources
2023-01-28 09:00:41,450 [Worker-11: Building] WARN  o.e.m.c.i.embedder.EclipseLogger - Using platform encoding (Cp1252 actually) to copy filtered resources, i.e. build is platform dependent!
2023-01-28 09:00:41,451 [Worker-11: Building] INFO  o.e.m.c.i.embedder.EclipseLogger - skip non existing resourceDirectory D:\TechnologyStack\Educative\Algorithm-Datastructure\Grokking_Coding_Interview_Patterns_Java\workspace-pattern\git\algo-ds-pattern\pattern\src\main\resources
2023-01-28 09:00:41,452 [Worker-11: Building] WARN  o.e.m.c.i.embedder.EclipseLogger - Using platform encoding (Cp1252 actually) to copy filtered resources, i.e. build is platform dependent!
2023-01-28 09:00:41,454 [Worker-11: Building] INFO  o.e.m.c.i.embedder.EclipseLogger - skip non existing resourceDirectory D:\TechnologyStack\Educative\Algorithm-Datastructure\Grokking_Coding_Interview_Patterns_Java\workspace-pattern\git\algo-ds-pattern\pattern\src\test\resources
2023-01-28 09:01:33,002 [Worker-14: Building] WARN  o.e.m.c.i.embedder.EclipseLogger - Using platform encoding (Cp1252 actually) to copy filtered resources, i.e. build is platform dependent!
2023-01-28 09:01:33,003 [Worker-14: Building] INFO  o.e.m.c.i.embedder.EclipseLogger - skip non existing resourceDirectory D:\TechnologyStack\Educative\Algorithm-Datastructure\Grokking_Coding_Interview_Patterns_Java\workspace-pattern\git\algo-ds-pattern\pattern\src\main\resources
2023-01-28 09:01:33,004 [Worker-14: Building] WARN  o.e.m.c.i.embedder.EclipseLogger - Using platform encoding (Cp1252 actually) to copy filtered resources, i.e. build is platform dependent!
2023-01-28 09:01:33,005 [Worker-14: Building] INFO  o.e.m.c.i.embedder.EclipseLogger - skip non existing resourceDirectory D:\TechnologyStack\Educative\Algorithm-Datastructure\Grokking_Coding_Interview_Patterns_Java\workspace-pattern\git\algo-ds-pattern\pattern\src\test\resources
2023-01-28 09:39:04,112 [Worker-16: Building] WARN  o.e.m.c.i.embedder.EclipseLogger - Using platform encoding (Cp1252 actually) to copy filtered resources, i.e. build is platform dependent!
2023-01-28 09:39:04,123 [Worker-16: Building] INFO  o.e.m.c.i.embedder.EclipseLogger - skip non existing resourceDirectory D:\TechnologyStack\Educative\Algorithm-Datastructure\Grokking_Coding_Interview_Patterns_Java\workspace-pattern\git\algo-ds-pattern\pattern\src\main\resources
2023-01-28 09:39:04,125 [Worker-16: Building] WARN  o.e.m.c.i.embedder.EclipseLogger - Using platform encoding (Cp1252 actually) to copy filtered resources, i.e. build is platform dependent!
2023-01-28 09:39:04,125 [Worker-16: Building] INFO  o.e.m.c.i.embedder.EclipseLogger - skip non existing resourceDirectory D:\TechnologyStack\Educative\Algorithm-Datastructure\Grokking_Coding_Interview_Patterns_Java\workspace-pattern\git\algo-ds-pattern\pattern\src\test\resources
2023-01-28 09:42:18,480 [Worker-19: Building] WARN  o.e.m.c.i.embedder.EclipseLogger - Using platform encoding (Cp1252 actually) to copy filtered resources, i.e. build is platform dependent!
2023-01-28 09:42:18,481 [Worker-19: Building] INFO  o.e.m.c.i.embedder.EclipseLogger - skip non existing resourceDirectory D:\TechnologyStack\Educative\Algorithm-Datastructure\Grokking_Coding_Interview_Patterns_Java\workspace-pattern\git\algo-ds-pattern\pattern\src\main\resources
2023-01-28 09:42:18,484 [Worker-19: Building] WARN  o.e.m.c.i.embedder.EclipseLogger - Using platform encoding (Cp1252 actually) to copy filtered resources, i.e. build is platform dependent!
2023-01-28 09:42:18,485 [Worker-19: Building] INFO  o.e.m.c.i.embedder.EclipseLogger - skip non existing resourceDirectory D:\TechnologyStack\Educative\Algorithm-Datastructure\Grokking_Coding_Interview_Patterns_Java\workspace-pattern\git\algo-ds-pattern\pattern\src\test\resources
2023-01-28 09:43:15,824 [Worker-19: Building] WARN  o.e.m.c.i.embedder.EclipseLogger - Using platform encoding (Cp1252 actually) to copy filtered resources, i.e. build is platform dependent!
2023-01-28 09:43:15,825 [Worker-19: Building] INFO  o.e.m.c.i.embedder.EclipseLogger - skip non existing resourceDirectory D:\TechnologyStack\Educative\Algorithm-Datastructure\Grokking_Coding_Interview_Patterns_Java\workspace-pattern\git\algo-ds-pattern\pattern\src\main\resources
2023-01-28 09:43:15,825 [Worker-19: Building] WARN  o.e.m.c.i.embedder.EclipseLogger - Using platform encoding (Cp1252 actually) to copy filtered resources, i.e. build is platform dependent!
2023-01-28 09:43:15,826 [Worker-19: Building] INFO  o.e.m.c.i.embedder.EclipseLogger - skip non existing resourceDirectory D:\TechnologyStack\Educative\Algorithm-Datastructure\Grokking_Coding_Interview_Patterns_Java\workspace-pattern\git\algo-ds-pattern\pattern\src\test\resources
2023-01-28 09:43:50,827 [Worker-20: Building] WARN  o.e.m.c.i.embedder.EclipseLogger - Using platform encoding (Cp1252 actually) to copy filtered resources, i.e. build is platform dependent!
2023-01-28 09:43:50,828 [Worker-20: Building] INFO  o.e.m.c.i.embedder.EclipseLogger - skip non existing resourceDirectory D:\TechnologyStack\Educative\Algorithm-Datastructure\Grokking_Coding_Interview_Patterns_Java\workspace-pattern\git\algo-ds-pattern\pattern\src\main\resources
2023-01-28 09:43:50,830 [Worker-20: Building] WARN  o.e.m.c.i.embedder.EclipseLogger - Using platform encoding (Cp1252 actually) to copy filtered resources, i.e. build is platform dependent!
2023-01-28 09:43:50,832 [Worker-20: Building] INFO  o.e.m.c.i.embedder.EclipseLogger - skip non existing resourceDirectory D:\TechnologyStack\Educative\Algorithm-Datastructure\Grokking_Coding_Interview_Patterns_Java\workspace-pattern\git\algo-ds-pattern\pattern\src\test\resources
2023-01-28 09:43:57,893 [Worker-13: Building] WARN  o.e.m.c.i.embedder.EclipseLogger - Using platform encoding (Cp1252 actually) to copy filtered resources, i.e. build is platform dependent!
2023-01-28 09:43:57,894 [Worker-13: Building] INFO  o.e.m.c.i.embedder.EclipseLogger - skip non existing resourceDirectory D:\TechnologyStack\Educative\Algorithm-Datastructure\Grokking_Coding_Interview_Patterns_Java\workspace-pattern\git\algo-ds-pattern\pattern\src\main\resources
2023-01-28 09:43:57,896 [Worker-13: Building] WARN  o.e.m.c.i.embedder.EclipseLogger - Using platform encoding (Cp1252 actually) to copy filtered resources, i.e. build is platform dependent!
2023-01-28 09:43:57,897 [Worker-13: Building] INFO  o.e.m.c.i.embedder.EclipseLogger - skip non existing resourceDirectory D:\TechnologyStack\Educative\Algorithm-Datastructure\Grokking_Coding_Interview_Patterns_Java\workspace-pattern\git\algo-ds-pattern\pattern\src\test\resources
2023-01-28 09:45:02,015 [Worker-18: Building] WARN  o.e.m.c.i.embedder.EclipseLogger - Using platform encoding (Cp1252 actually) to copy filtered resources, i.e. build is platform dependent!
2023-01-28 09:45:02,016 [Worker-18: Building] INFO  o.e.m.c.i.embedder.EclipseLogger - skip non existing resourceDirectory D:\TechnologyStack\Educative\Algorithm-Datastructure\Grokking_Coding_Interview_Patterns_Java\workspace-pattern\git\algo-ds-pattern\pattern\src\main\resources
2023-01-28 09:45:02,017 [Worker-18: Building] WARN  o.e.m.c.i.embedder.EclipseLogger - Using platform encoding (Cp1252 actually) to copy filtered resources, i.e. build is platform dependent!
2023-01-28 09:45:02,017 [Worker-18: Building] INFO  o.e.m.c.i.embedder.EclipseLogger - skip non existing resourceDirectory D:\TechnologyStack\Educative\Algorithm-Datastructure\Grokking_Coding_Interview_Patterns_Java\workspace-pattern\git\algo-ds-pattern\pattern\src\test\resources
2023-01-28 09:48:12,751 [Worker-27: Building] WARN  o.e.m.c.i.embedder.EclipseLogger - Using platform encoding (Cp1252 actually) to copy filtered resources, i.e. build is platform dependent!
2023-01-28 09:48:12,752 [Worker-27: Building] INFO  o.e.m.c.i.embedder.EclipseLogger - skip non existing resourceDirectory D:\TechnologyStack\Educative\Algorithm-Datastructure\Grokking_Coding_Interview_Patterns_Java\workspace-pattern\git\algo-ds-pattern\pattern\src\main\resources
2023-01-28 09:48:12,753 [Worker-27: Building] WARN  o.e.m.c.i.embedder.EclipseLogger - Using platform encoding (Cp1252 actually) to copy filtered resources, i.e. build is platform dependent!
2023-01-28 09:48:12,754 [Worker-27: Building] INFO  o.e.m.c.i.embedder.EclipseLogger - skip non existing resourceDirectory D:\TechnologyStack\Educative\Algorithm-Datastructure\Grokking_Coding_Interview_Patterns_Java\workspace-pattern\git\algo-ds-pattern\pattern\src\test\resources
2023-01-28 09:49:51,201 [Worker-29: Building] WARN  o.e.m.c.i.embedder.EclipseLogger - Using platform encoding (Cp1252 actually) to copy filtered resources, i.e. build is platform dependent!
2023-01-28 09:49:51,202 [Worker-29: Building] INFO  o.e.m.c.i.embedder.EclipseLogger - skip non existing resourceDirectory D:\TechnologyStack\Educative\Algorithm-Datastructure\Grokking_Coding_Interview_Patterns_Java\workspace-pattern\git\algo-ds-pattern\pattern\src\main\resources
2023-01-28 09:49:51,202 [Worker-29: Building] WARN  o.e.m.c.i.embedder.EclipseLogger - Using platform encoding (Cp1252 actually) to copy filtered resources, i.e. build is platform dependent!
2023-01-28 09:49:51,203 [Worker-29: Building] INFO  o.e.m.c.i.embedder.EclipseLogger - skip non existing resourceDirectory D:\TechnologyStack\Educative\Algorithm-Datastructure\Grokking_Coding_Interview_Patterns_Java\workspace-pattern\git\algo-ds-pattern\pattern\src\test\resources
2023-01-28 09:49:57,589 [Worker-29: Building] WARN  o.e.m.c.i.embedder.EclipseLogger - Using platform encoding (Cp1252 actually) to copy filtered resources, i.e. build is platform dependent!
2023-01-28 09:49:57,591 [Worker-29: Building] INFO  o.e.m.c.i.embedder.EclipseLogger - skip non existing resourceDirectory D:\TechnologyStack\Educative\Algorithm-Datastructure\Grokking_Coding_Interview_Patterns_Java\workspace-pattern\git\algo-ds-pattern\pattern\src\main\resources
2023-01-28 09:49:57,592 [Worker-29: Building] WARN  o.e.m.c.i.embedder.EclipseLogger - Using platform encoding (Cp1252 actually) to copy filtered resources, i.e. build is platform dependent!
2023-01-28 09:49:57,593 [Worker-29: Building] INFO  o.e.m.c.i.embedder.EclipseLogger - skip non existing resourceDirectory D:\TechnologyStack\Educative\Algorithm-Datastructure\Grokking_Coding_Interview_Patterns_Java\workspace-pattern\git\algo-ds-pattern\pattern\src\test\resources
2023-01-28 09:51:04,936 [Worker-33: Building] WARN  o.e.m.c.i.embedder.EclipseLogger - Using platform encoding (Cp1252 actually) to copy filtered resources, i.e. build is platform dependent!
2023-01-28 09:51:04,937 [Worker-33: Building] INFO  o.e.m.c.i.embedder.EclipseLogger - skip non existing resourceDirectory D:\TechnologyStack\Educative\Algorithm-Datastructure\Grokking_Coding_Interview_Patterns_Java\workspace-pattern\git\algo-ds-pattern\pattern\src\main\resources
2023-01-28 09:51:04,940 [Worker-33: Building] WARN  o.e.m.c.i.embedder.EclipseLogger - Using platform encoding (Cp1252 actually) to copy filtered resources, i.e. build is platform dependent!
2023-01-28 09:51:04,941 [Worker-33: Building] INFO  o.e.m.c.i.embedder.EclipseLogger - skip non existing resourceDirectory D:\TechnologyStack\Educative\Algorithm-Datastructure\Grokking_Coding_Interview_Patterns_Java\workspace-pattern\git\algo-ds-pattern\pattern\src\test\resources
2023-01-28 09:52:58,150 [Worker-33: Building] WARN  o.e.m.c.i.embedder.EclipseLogger - Using platform encoding (Cp1252 actually) to copy filtered resources, i.e. build is platform dependent!
2023-01-28 09:52:58,151 [Worker-33: Building] INFO  o.e.m.c.i.embedder.EclipseLogger - skip non existing resourceDirectory D:\TechnologyStack\Educative\Algorithm-Datastructure\Grokking_Coding_Interview_Patterns_Java\workspace-pattern\git\algo-ds-pattern\pattern\src\main\resources
2023-01-28 09:52:58,152 [Worker-33: Building] WARN  o.e.m.c.i.embedder.EclipseLogger - Using platform encoding (Cp1252 actually) to copy filtered resources, i.e. build is platform dependent!
2023-01-28 09:52:58,153 [Worker-33: Building] INFO  o.e.m.c.i.embedder.EclipseLogger - skip non existing resourceDirectory D:\TechnologyStack\Educative\Algorithm-Datastructure\Grokking_Coding_Interview_Patterns_Java\workspace-pattern\git\algo-ds-pattern\pattern\src\test\resources
2023-01-28 09:54:31,046 [Worker-35: Building] WARN  o.e.m.c.i.embedder.EclipseLogger - Using platform encoding (Cp1252 actually) to copy filtered resources, i.e. build is platform dependent!
2023-01-28 09:54:31,047 [Worker-35: Building] INFO  o.e.m.c.i.embedder.EclipseLogger - skip non existing resourceDirectory D:\TechnologyStack\Educative\Algorithm-Datastructure\Grokking_Coding_Interview_Patterns_Java\workspace-pattern\git\algo-ds-pattern\pattern\src\main\resources
2023-01-28 09:54:31,048 [Worker-35: Building] WARN  o.e.m.c.i.embedder.EclipseLogger - Using platform encoding (Cp1252 actually) to copy filtered resources, i.e. build is platform dependent!
2023-01-28 09:54:31,049 [Worker-35: Building] INFO  o.e.m.c.i.embedder.EclipseLogger - skip non existing resourceDirectory D:\TechnologyStack\Educative\Algorithm-Datastructure\Grokking_Coding_Interview_Patterns_Java\workspace-pattern\git\algo-ds-pattern\pattern\src\test\resources
2023-01-28 09:55:41,096 [Worker-38: Building] WARN  o.e.m.c.i.embedder.EclipseLogger - Using platform encoding (Cp1252 actually) to copy filtered resources, i.e. build is platform dependent!
2023-01-28 09:55:41,097 [Worker-38: Building] INFO  o.e.m.c.i.embedder.EclipseLogger - skip non existing resourceDirectory D:\TechnologyStack\Educative\Algorithm-Datastructure\Grokking_Coding_Interview_Patterns_Java\workspace-pattern\git\algo-ds-pattern\pattern\src\main\resources
2023-01-28 09:55:41,098 [Worker-38: Building] WARN  o.e.m.c.i.embedder.EclipseLogger - Using platform encoding (Cp1252 actually) to copy filtered resources, i.e. build is platform dependent!
2023-01-28 09:55:41,098 [Worker-38: Building] INFO  o.e.m.c.i.embedder.EclipseLogger - skip non existing resourceDirectory D:\TechnologyStack\Educative\Algorithm-Datastructure\Grokking_Coding_Interview_Patterns_Java\workspace-pattern\git\algo-ds-pattern\pattern\src\test\resources
2023-01-28 09:55:53,291 [Worker-24: Building] WARN  o.e.m.c.i.embedder.EclipseLogger - Using platform encoding (Cp1252 actually) to copy filtered resources, i.e. build is platform dependent!
2023-01-28 09:55:53,292 [Worker-24: Building] INFO  o.e.m.c.i.embedder.EclipseLogger - skip non existing resourceDirectory D:\TechnologyStack\Educative\Algorithm-Datastructure\Grokking_Coding_Interview_Patterns_Java\workspace-pattern\git\algo-ds-pattern\pattern\src\main\resources
2023-01-28 09:55:53,294 [Worker-24: Building] WARN  o.e.m.c.i.embedder.EclipseLogger - Using platform encoding (Cp1252 actually) to copy filtered resources, i.e. build is platform dependent!
2023-01-28 09:55:53,295 [Worker-24: Building] INFO  o.e.m.c.i.embedder.EclipseLogger - skip non existing resourceDirectory D:\TechnologyStack\Educative\Algorithm-Datastructure\Grokking_Coding_Interview_Patterns_Java\workspace-pattern\git\algo-ds-pattern\pattern\src\test\resources
2023-01-28 09:56:11,390 [Worker-31: Building] WARN  o.e.m.c.i.embedder.EclipseLogger - Using platform encoding (Cp1252 actually) to copy filtered resources, i.e. build is platform dependent!
2023-01-28 09:56:11,391 [Worker-31: Building] INFO  o.e.m.c.i.embedder.EclipseLogger - skip non existing resourceDirectory D:\TechnologyStack\Educative\Algorithm-Datastructure\Grokking_Coding_Interview_Patterns_Java\workspace-pattern\git\algo-ds-pattern\pattern\src\main\resources
2023-01-28 09:56:11,392 [Worker-31: Building] WARN  o.e.m.c.i.embedder.EclipseLogger - Using platform encoding (Cp1252 actually) to copy filtered resources, i.e. build is platform dependent!
2023-01-28 09:56:11,393 [Worker-31: Building] INFO  o.e.m.c.i.embedder.EclipseLogger - skip non existing resourceDirectory D:\TechnologyStack\Educative\Algorithm-Datastructure\Grokking_Coding_Interview_Patterns_Java\workspace-pattern\git\algo-ds-pattern\pattern\src\test\resources
2023-01-28 09:56:24,195 [Worker-32: Building] WARN  o.e.m.c.i.embedder.EclipseLogger - Using platform encoding (Cp1252 actually) to copy filtered resources, i.e. build is platform dependent!
2023-01-28 09:56:24,195 [Worker-32: Building] INFO  o.e.m.c.i.embedder.EclipseLogger - skip non existing resourceDirectory D:\TechnologyStack\Educative\Algorithm-Datastructure\Grokking_Coding_Interview_Patterns_Java\workspace-pattern\git\algo-ds-pattern\pattern\src\main\resources
2023-01-28 09:56:24,196 [Worker-32: Building] WARN  o.e.m.c.i.embedder.EclipseLogger - Using platform encoding (Cp1252 actually) to copy filtered resources, i.e. build is platform dependent!
2023-01-28 09:56:24,196 [Worker-32: Building] INFO  o.e.m.c.i.embedder.EclipseLogger - skip non existing resourceDirectory D:\TechnologyStack\Educative\Algorithm-Datastructure\Grokking_Coding_Interview_Patterns_Java\workspace-pattern\git\algo-ds-pattern\pattern\src\test\resources
2023-01-28 09:56:58,608 [Worker-32: Building] WARN  o.e.m.c.i.embedder.EclipseLogger - Using platform encoding (Cp1252 actually) to copy filtered resources, i.e. build is platform dependent!
2023-01-28 09:56:58,609 [Worker-32: Building] INFO  o.e.m.c.i.embedder.EclipseLogger - skip non existing resourceDirectory D:\TechnologyStack\Educative\Algorithm-Datastructure\Grokking_Coding_Interview_Patterns_Java\workspace-pattern\git\algo-ds-pattern\pattern\src\main\resources
2023-01-28 09:56:58,610 [Worker-32: Building] WARN  o.e.m.c.i.embedder.EclipseLogger - Using platform encoding (Cp1252 actually) to copy filtered resources, i.e. build is platform dependent!
2023-01-28 09:56:58,611 [Worker-32: Building] INFO  o.e.m.c.i.embedder.EclipseLogger - skip non existing resourceDirectory D:\TechnologyStack\Educative\Algorithm-Datastructure\Grokking_Coding_Interview_Patterns_Java\workspace-pattern\git\algo-ds-pattern\pattern\src\test\resources
2023-01-28 20:32:38,945 [Worker-4: Building] WARN  o.e.m.c.i.embedder.EclipseLogger - Using platform encoding (Cp1252 actually) to copy filtered resources, i.e. build is platform dependent!
2023-01-28 20:32:38,980 [Worker-4: Building] INFO  o.e.m.c.i.embedder.EclipseLogger - skip non existing resourceDirectory D:\TechnologyStack\Educative\Algorithm-Datastructure\Grokking_Coding_Interview_Patterns_Java\workspace-pattern\git\algo-ds-pattern\pattern\src\main\resources
2023-01-28 20:32:38,985 [Worker-4: Building] WARN  o.e.m.c.i.embedder.EclipseLogger - Using platform encoding (Cp1252 actually) to copy filtered resources, i.e. build is platform dependent!
2023-01-28 20:32:38,987 [Worker-4: Building] INFO  o.e.m.c.i.embedder.EclipseLogger - skip non existing resourceDirectory D:\TechnologyStack\Educative\Algorithm-Datastructure\Grokking_Coding_Interview_Patterns_Java\workspace-pattern\git\algo-ds-pattern\pattern\src\test\resources
2023-01-28 20:32:48,433 [Worker-4: Loading available Gradle versions] INFO  o.e.b.c.i.u.g.PublishedGradleVersions - Gradle version information cache is up-to-date. Trying to read.
2023-01-28 20:44:31,088 [Worker-9: Building] WARN  o.e.m.c.i.embedder.EclipseLogger - Using platform encoding (Cp1252 actually) to copy filtered resources, i.e. build is platform dependent!
2023-01-28 20:44:31,090 [Worker-9: Building] INFO  o.e.m.c.i.embedder.EclipseLogger - skip non existing resourceDirectory D:\TechnologyStack\Educative\Algorithm-Datastructure\Grokking_Coding_Interview_Patterns_Java\workspace-pattern\git\algo-ds-pattern\pattern\src\main\resources
2023-01-28 20:44:31,094 [Worker-9: Building] WARN  o.e.m.c.i.embedder.EclipseLogger - Using platform encoding (Cp1252 actually) to copy filtered resources, i.e. build is platform dependent!
2023-01-28 20:44:31,097 [Worker-9: Building] INFO  o.e.m.c.i.embedder.EclipseLogger - skip non existing resourceDirectory D:\TechnologyStack\Educative\Algorithm-Datastructure\Grokking_Coding_Interview_Patterns_Java\workspace-pattern\git\algo-ds-pattern\pattern\src\test\resources
2023-01-28 20:45:27,947 [Worker-6: Building] WARN  o.e.m.c.i.embedder.EclipseLogger - Using platform encoding (Cp1252 actually) to copy filtered resources, i.e. build is platform dependent!
2023-01-28 20:45:27,948 [Worker-6: Building] INFO  o.e.m.c.i.embedder.EclipseLogger - skip non existing resourceDirectory D:\TechnologyStack\Educative\Algorithm-Datastructure\Grokking_Coding_Interview_Patterns_Java\workspace-pattern\git\algo-ds-pattern\pattern\src\main\resources
2023-01-28 20:45:27,950 [Worker-6: Building] WARN  o.e.m.c.i.embedder.EclipseLogger - Using platform encoding (Cp1252 actually) to copy filtered resources, i.e. build is platform dependent!
2023-01-28 20:45:27,952 [Worker-6: Building] INFO  o.e.m.c.i.embedder.EclipseLogger - skip non existing resourceDirectory D:\TechnologyStack\Educative\Algorithm-Datastructure\Grokking_Coding_Interview_Patterns_Java\workspace-pattern\git\algo-ds-pattern\pattern\src\test\resources
2023-01-28 20:51:52,874 [Worker-13: Building] WARN  o.e.m.c.i.embedder.EclipseLogger - Using platform encoding (Cp1252 actually) to copy filtered resources, i.e. build is platform dependent!
2023-01-28 20:51:52,875 [Worker-13: Building] INFO  o.e.m.c.i.embedder.EclipseLogger - skip non existing resourceDirectory D:\TechnologyStack\Educative\Algorithm-Datastructure\Grokking_Coding_Interview_Patterns_Java\workspace-pattern\git\algo-ds-pattern\pattern\src\main\resources
2023-01-28 20:51:52,876 [Worker-13: Building] WARN  o.e.m.c.i.embedder.EclipseLogger - Using platform encoding (Cp1252 actually) to copy filtered resources, i.e. build is platform dependent!
2023-01-28 20:51:52,877 [Worker-13: Building] INFO  o.e.m.c.i.embedder.EclipseLogger - skip non existing resourceDirectory D:\TechnologyStack\Educative\Algorithm-Datastructure\Grokking_Coding_Interview_Patterns_Java\workspace-pattern\git\algo-ds-pattern\pattern\src\test\resources
2023-01-28 20:53:58,653 [Worker-9: Building] WARN  o.e.m.c.i.embedder.EclipseLogger - Using platform encoding (Cp1252 actually) to copy filtered resources, i.e. build is platform dependent!
2023-01-28 20:53:58,654 [Worker-9: Building] INFO  o.e.m.c.i.embedder.EclipseLogger - skip non existing resourceDirectory D:\TechnologyStack\Educative\Algorithm-Datastructure\Grokking_Coding_Interview_Patterns_Java\workspace-pattern\git\algo-ds-pattern\pattern\src\main\resources
2023-01-28 20:53:58,656 [Worker-9: Building] WARN  o.e.m.c.i.embedder.EclipseLogger - Using platform encoding (Cp1252 actually) to copy filtered resources, i.e. build is platform dependent!
2023-01-28 20:53:58,656 [Worker-9: Building] INFO  o.e.m.c.i.embedder.EclipseLogger - skip non existing resourceDirectory D:\TechnologyStack\Educative\Algorithm-Datastructure\Grokking_Coding_Interview_Patterns_Java\workspace-pattern\git\algo-ds-pattern\pattern\src\test\resources
2023-01-28 20:58:12,861 [Worker-9: Building] WARN  o.e.m.c.i.embedder.EclipseLogger - Using platform encoding (Cp1252 actually) to copy filtered resources, i.e. build is platform dependent!
2023-01-28 20:58:12,862 [Worker-9: Building] INFO  o.e.m.c.i.embedder.EclipseLogger - skip non existing resourceDirectory D:\TechnologyStack\Educative\Algorithm-Datastructure\Grokking_Coding_Interview_Patterns_Java\workspace-pattern\git\algo-ds-pattern\pattern\src\main\resources
2023-01-28 20:58:12,863 [Worker-9: Building] WARN  o.e.m.c.i.embedder.EclipseLogger - Using platform encoding (Cp1252 actually) to copy filtered resources, i.e. build is platform dependent!
2023-01-28 20:58:12,864 [Worker-9: Building] INFO  o.e.m.c.i.embedder.EclipseLogger - skip non existing resourceDirectory D:\TechnologyStack\Educative\Algorithm-Datastructure\Grokking_Coding_Interview_Patterns_Java\workspace-pattern\git\algo-ds-pattern\pattern\src\test\resources
2023-01-28 20:58:15,487 [Worker-18: Building] WARN  o.e.m.c.i.embedder.EclipseLogger - Using platform encoding (Cp1252 actually) to copy filtered resources, i.e. build is platform dependent!
2023-01-28 20:58:15,488 [Worker-18: Building] INFO  o.e.m.c.i.embedder.EclipseLogger - skip non existing resourceDirectory D:\TechnologyStack\Educative\Algorithm-Datastructure\Grokking_Coding_Interview_Patterns_Java\workspace-pattern\git\algo-ds-pattern\pattern\src\main\resources
2023-01-28 20:58:15,489 [Worker-18: Building] WARN  o.e.m.c.i.embedder.EclipseLogger - Using platform encoding (Cp1252 actually) to copy filtered resources, i.e. build is platform dependent!
2023-01-28 20:58:15,490 [Worker-18: Building] INFO  o.e.m.c.i.embedder.EclipseLogger - skip non existing resourceDirectory D:\TechnologyStack\Educative\Algorithm-Datastructure\Grokking_Coding_Interview_Patterns_Java\workspace-pattern\git\algo-ds-pattern\pattern\src\test\resources
2023-01-28 21:06:31,486 [Worker-20: Building] WARN  o.e.m.c.i.embedder.EclipseLogger - Using platform encoding (Cp1252 actually) to copy filtered resources, i.e. build is platform dependent!
2023-01-28 21:06:31,487 [Worker-20: Building] INFO  o.e.m.c.i.embedder.EclipseLogger - skip non existing resourceDirectory D:\TechnologyStack\Educative\Algorithm-Datastructure\Grokking_Coding_Interview_Patterns_Java\workspace-pattern\git\algo-ds-pattern\pattern\src\main\resources
2023-01-28 21:06:31,489 [Worker-20: Building] WARN  o.e.m.c.i.embedder.EclipseLogger - Using platform encoding (Cp1252 actually) to copy filtered resources, i.e. build is platform dependent!
2023-01-28 21:06:31,489 [Worker-20: Building] INFO  o.e.m.c.i.embedder.EclipseLogger - skip non existing resourceDirectory D:\TechnologyStack\Educative\Algorithm-Datastructure\Grokking_Coding_Interview_Patterns_Java\workspace-pattern\git\algo-ds-pattern\pattern\src\test\resources
2023-01-28 21:11:33,680 [Worker-18: Building] WARN  o.e.m.c.i.embedder.EclipseLogger - Using platform encoding (Cp1252 actually) to copy filtered resources, i.e. build is platform dependent!
2023-01-28 21:11:33,681 [Worker-18: Building] INFO  o.e.m.c.i.embedder.EclipseLogger - skip non existing resourceDirectory D:\TechnologyStack\Educative\Algorithm-Datastructure\Grokking_Coding_Interview_Patterns_Java\workspace-pattern\git\algo-ds-pattern\pattern\src\main\resources
2023-01-28 21:11:33,682 [Worker-18: Building] WARN  o.e.m.c.i.embedder.EclipseLogger - Using platform encoding (Cp1252 actually) to copy filtered resources, i.e. build is platform dependent!
2023-01-28 21:11:33,683 [Worker-18: Building] INFO  o.e.m.c.i.embedder.EclipseLogger - skip non existing resourceDirectory D:\TechnologyStack\Educative\Algorithm-Datastructure\Grokking_Coding_Interview_Patterns_Java\workspace-pattern\git\algo-ds-pattern\pattern\src\test\resources
2023-01-28 21:12:02,633 [Worker-23: Building] WARN  o.e.m.c.i.embedder.EclipseLogger - Using platform encoding (Cp1252 actually) to copy filtered resources, i.e. build is platform dependent!
2023-01-28 21:12:02,633 [Worker-23: Building] INFO  o.e.m.c.i.embedder.EclipseLogger - skip non existing resourceDirectory D:\TechnologyStack\Educative\Algorithm-Datastructure\Grokking_Coding_Interview_Patterns_Java\workspace-pattern\git\algo-ds-pattern\pattern\src\main\resources
2023-01-28 21:12:02,634 [Worker-23: Building] WARN  o.e.m.c.i.embedder.EclipseLogger - Using platform encoding (Cp1252 actually) to copy filtered resources, i.e. build is platform dependent!
2023-01-28 21:12:02,635 [Worker-23: Building] INFO  o.e.m.c.i.embedder.EclipseLogger - skip non existing resourceDirectory D:\TechnologyStack\Educative\Algorithm-Datastructure\Grokking_Coding_Interview_Patterns_Java\workspace-pattern\git\algo-ds-pattern\pattern\src\test\resources
2023-01-28 21:12:05,849 [Worker-24: Building] WARN  o.e.m.c.i.embedder.EclipseLogger - Using platform encoding (Cp1252 actually) to copy filtered resources, i.e. build is platform dependent!
2023-01-28 21:12:05,850 [Worker-24: Building] INFO  o.e.m.c.i.embedder.EclipseLogger - skip non existing resourceDirectory D:\TechnologyStack\Educative\Algorithm-Datastructure\Grokking_Coding_Interview_Patterns_Java\workspace-pattern\git\algo-ds-pattern\pattern\src\main\resources
2023-01-28 21:12:05,851 [Worker-24: Building] WARN  o.e.m.c.i.embedder.EclipseLogger - Using platform encoding (Cp1252 actually) to copy filtered resources, i.e. build is platform dependent!
2023-01-28 21:12:05,852 [Worker-24: Building] INFO  o.e.m.c.i.embedder.EclipseLogger - skip non existing resourceDirectory D:\TechnologyStack\Educative\Algorithm-Datastructure\Grokking_Coding_Interview_Patterns_Java\workspace-pattern\git\algo-ds-pattern\pattern\src\test\resources
2023-01-28 21:12:50,073 [Worker-25: Building] WARN  o.e.m.c.i.embedder.EclipseLogger - Using platform encoding (Cp1252 actually) to copy filtered resources, i.e. build is platform dependent!
2023-01-28 21:12:50,074 [Worker-25: Building] INFO  o.e.m.c.i.embedder.EclipseLogger - skip non existing resourceDirectory D:\TechnologyStack\Educative\Algorithm-Datastructure\Grokking_Coding_Interview_Patterns_Java\workspace-pattern\git\algo-ds-pattern\pattern\src\main\resources
2023-01-28 21:12:50,075 [Worker-25: Building] WARN  o.e.m.c.i.embedder.EclipseLogger - Using platform encoding (Cp1252 actually) to copy filtered resources, i.e. build is platform dependent!
2023-01-28 21:12:50,075 [Worker-25: Building] INFO  o.e.m.c.i.embedder.EclipseLogger - skip non existing resourceDirectory D:\TechnologyStack\Educative\Algorithm-Datastructure\Grokking_Coding_Interview_Patterns_Java\workspace-pattern\git\algo-ds-pattern\pattern\src\test\resources
2023-01-28 21:12:56,042 [Worker-23: Building] WARN  o.e.m.c.i.embedder.EclipseLogger - Using platform encoding (Cp1252 actually) to copy filtered resources, i.e. build is platform dependent!
2023-01-28 21:12:56,043 [Worker-23: Building] INFO  o.e.m.c.i.embedder.EclipseLogger - skip non existing resourceDirectory D:\TechnologyStack\Educative\Algorithm-Datastructure\Grokking_Coding_Interview_Patterns_Java\workspace-pattern\git\algo-ds-pattern\pattern\src\main\resources
2023-01-28 21:12:56,044 [Worker-23: Building] WARN  o.e.m.c.i.embedder.EclipseLogger - Using platform encoding (Cp1252 actually) to copy filtered resources, i.e. build is platform dependent!
2023-01-28 21:12:56,045 [Worker-23: Building] INFO  o.e.m.c.i.embedder.EclipseLogger - skip non existing resourceDirectory D:\TechnologyStack\Educative\Algorithm-Datastructure\Grokking_Coding_Interview_Patterns_Java\workspace-pattern\git\algo-ds-pattern\pattern\src\test\resources
2023-01-28 21:13:10,437 [Worker-22: Building] WARN  o.e.m.c.i.embedder.EclipseLogger - Using platform encoding (Cp1252 actually) to copy filtered resources, i.e. build is platform dependent!
2023-01-28 21:13:10,438 [Worker-22: Building] INFO  o.e.m.c.i.embedder.EclipseLogger - skip non existing resourceDirectory D:\TechnologyStack\Educative\Algorithm-Datastructure\Grokking_Coding_Interview_Patterns_Java\workspace-pattern\git\algo-ds-pattern\pattern\src\main\resources
2023-01-28 21:13:10,439 [Worker-22: Building] WARN  o.e.m.c.i.embedder.EclipseLogger - Using platform encoding (Cp1252 actually) to copy filtered resources, i.e. build is platform dependent!
2023-01-28 21:13:10,440 [Worker-22: Building] INFO  o.e.m.c.i.embedder.EclipseLogger - skip non existing resourceDirectory D:\TechnologyStack\Educative\Algorithm-Datastructure\Grokking_Coding_Interview_Patterns_Java\workspace-pattern\git\algo-ds-pattern\pattern\src\test\resources
2023-01-28 21:13:16,278 [Worker-18: Building] WARN  o.e.m.c.i.embedder.EclipseLogger - Using platform encoding (Cp1252 actually) to copy filtered resources, i.e. build is platform dependent!
2023-01-28 21:13:16,279 [Worker-18: Building] INFO  o.e.m.c.i.embedder.EclipseLogger - skip non existing resourceDirectory D:\TechnologyStack\Educative\Algorithm-Datastructure\Grokking_Coding_Interview_Patterns_Java\workspace-pattern\git\algo-ds-pattern\pattern\src\main\resources
2023-01-28 21:13:16,280 [Worker-18: Building] WARN  o.e.m.c.i.embedder.EclipseLogger - Using platform encoding (Cp1252 actually) to copy filtered resources, i.e. build is platform dependent!
2023-01-28 21:13:16,280 [Worker-18: Building] INFO  o.e.m.c.i.embedder.EclipseLogger - skip non existing resourceDirectory D:\TechnologyStack\Educative\Algorithm-Datastructure\Grokking_Coding_Interview_Patterns_Java\workspace-pattern\git\algo-ds-pattern\pattern\src\test\resources
2023-01-28 21:13:20,491 [Worker-22: Building] WARN  o.e.m.c.i.embedder.EclipseLogger - Using platform encoding (Cp1252 actually) to copy filtered resources, i.e. build is platform dependent!
2023-01-28 21:13:20,492 [Worker-22: Building] INFO  o.e.m.c.i.embedder.EclipseLogger - skip non existing resourceDirectory D:\TechnologyStack\Educative\Algorithm-Datastructure\Grokking_Coding_Interview_Patterns_Java\workspace-pattern\git\algo-ds-pattern\pattern\src\main\resources
2023-01-28 21:13:20,494 [Worker-22: Building] WARN  o.e.m.c.i.embedder.EclipseLogger - Using platform encoding (Cp1252 actually) to copy filtered resources, i.e. build is platform dependent!
2023-01-28 21:13:20,496 [Worker-22: Building] INFO  o.e.m.c.i.embedder.EclipseLogger - skip non existing resourceDirectory D:\TechnologyStack\Educative\Algorithm-Datastructure\Grokking_Coding_Interview_Patterns_Java\workspace-pattern\git\algo-ds-pattern\pattern\src\test\resources
2023-01-28 21:13:43,932 [Worker-25: Building] WARN  o.e.m.c.i.embedder.EclipseLogger - Using platform encoding (Cp1252 actually) to copy filtered resources, i.e. build is platform dependent!
2023-01-28 21:13:43,932 [Worker-25: Building] INFO  o.e.m.c.i.embedder.EclipseLogger - skip non existing resourceDirectory D:\TechnologyStack\Educative\Algorithm-Datastructure\Grokking_Coding_Interview_Patterns_Java\workspace-pattern\git\algo-ds-pattern\pattern\src\main\resources
2023-01-28 21:13:43,933 [Worker-25: Building] WARN  o.e.m.c.i.embedder.EclipseLogger - Using platform encoding (Cp1252 actually) to copy filtered resources, i.e. build is platform dependent!
2023-01-28 21:13:43,934 [Worker-25: Building] INFO  o.e.m.c.i.embedder.EclipseLogger - skip non existing resourceDirectory D:\TechnologyStack\Educative\Algorithm-Datastructure\Grokking_Coding_Interview_Patterns_Java\workspace-pattern\git\algo-ds-pattern\pattern\src\test\resources
2023-01-28 21:14:07,791 [Worker-26: Building] WARN  o.e.m.c.i.embedder.EclipseLogger - Using platform encoding (Cp1252 actually) to copy filtered resources, i.e. build is platform dependent!
2023-01-28 21:14:07,792 [Worker-26: Building] INFO  o.e.m.c.i.embedder.EclipseLogger - skip non existing resourceDirectory D:\TechnologyStack\Educative\Algorithm-Datastructure\Grokking_Coding_Interview_Patterns_Java\workspace-pattern\git\algo-ds-pattern\pattern\src\main\resources
2023-01-28 21:14:07,792 [Worker-26: Building] WARN  o.e.m.c.i.embedder.EclipseLogger - Using platform encoding (Cp1252 actually) to copy filtered resources, i.e. build is platform dependent!
2023-01-28 21:14:07,793 [Worker-26: Building] INFO  o.e.m.c.i.embedder.EclipseLogger - skip non existing resourceDirectory D:\TechnologyStack\Educative\Algorithm-Datastructure\Grokking_Coding_Interview_Patterns_Java\workspace-pattern\git\algo-ds-pattern\pattern\src\test\resources
2023-01-28 21:17:07,843 [Worker-23: Building] WARN  o.e.m.c.i.embedder.EclipseLogger - Using platform encoding (Cp1252 actually) to copy filtered resources, i.e. build is platform dependent!
2023-01-28 21:17:07,844 [Worker-23: Building] INFO  o.e.m.c.i.embedder.EclipseLogger - skip non existing resourceDirectory D:\TechnologyStack\Educative\Algorithm-Datastructure\Grokking_Coding_Interview_Patterns_Java\workspace-pattern\git\algo-ds-pattern\pattern\src\main\resources
2023-01-28 21:17:07,845 [Worker-23: Building] WARN  o.e.m.c.i.embedder.EclipseLogger - Using platform encoding (Cp1252 actually) to copy filtered resources, i.e. build is platform dependent!
2023-01-28 21:17:07,846 [Worker-23: Building] INFO  o.e.m.c.i.embedder.EclipseLogger - skip non existing resourceDirectory D:\TechnologyStack\Educative\Algorithm-Datastructure\Grokking_Coding_Interview_Patterns_Java\workspace-pattern\git\algo-ds-pattern\pattern\src\test\resources
2023-01-28 21:17:12,097 [Worker-27: Building] WARN  o.e.m.c.i.embedder.EclipseLogger - Using platform encoding (Cp1252 actually) to copy filtered resources, i.e. build is platform dependent!
2023-01-28 21:17:12,097 [Worker-27: Building] INFO  o.e.m.c.i.embedder.EclipseLogger - skip non existing resourceDirectory D:\TechnologyStack\Educative\Algorithm-Datastructure\Grokking_Coding_Interview_Patterns_Java\workspace-pattern\git\algo-ds-pattern\pattern\src\main\resources
2023-01-28 21:17:12,098 [Worker-27: Building] WARN  o.e.m.c.i.embedder.EclipseLogger - Using platform encoding (Cp1252 actually) to copy filtered resources, i.e. build is platform dependent!
2023-01-28 21:17:12,099 [Worker-27: Building] INFO  o.e.m.c.i.embedder.EclipseLogger - skip non existing resourceDirectory D:\TechnologyStack\Educative\Algorithm-Datastructure\Grokking_Coding_Interview_Patterns_Java\workspace-pattern\git\algo-ds-pattern\pattern\src\test\resources
2023-01-28 21:19:41,390 [Worker-27: Building] WARN  o.e.m.c.i.embedder.EclipseLogger - Using platform encoding (Cp1252 actually) to copy filtered resources, i.e. build is platform dependent!
2023-01-28 21:19:41,391 [Worker-27: Building] INFO  o.e.m.c.i.embedder.EclipseLogger - skip non existing resourceDirectory D:\TechnologyStack\Educative\Algorithm-Datastructure\Grokking_Coding_Interview_Patterns_Java\workspace-pattern\git\algo-ds-pattern\pattern\src\main\resources
2023-01-28 21:19:41,392 [Worker-27: Building] WARN  o.e.m.c.i.embedder.EclipseLogger - Using platform encoding (Cp1252 actually) to copy filtered resources, i.e. build is platform dependent!
2023-01-28 21:19:41,393 [Worker-27: Building] INFO  o.e.m.c.i.embedder.EclipseLogger - skip non existing resourceDirectory D:\TechnologyStack\Educative\Algorithm-Datastructure\Grokking_Coding_Interview_Patterns_Java\workspace-pattern\git\algo-ds-pattern\pattern\src\test\resources
2023-01-28 21:20:13,763 [Worker-34: Building] WARN  o.e.m.c.i.embedder.EclipseLogger - Using platform encoding (Cp1252 actually) to copy filtered resources, i.e. build is platform dependent!
2023-01-28 21:20:13,764 [Worker-34: Building] INFO  o.e.m.c.i.embedder.EclipseLogger - skip non existing resourceDirectory D:\TechnologyStack\Educative\Algorithm-Datastructure\Grokking_Coding_Interview_Patterns_Java\workspace-pattern\git\algo-ds-pattern\pattern\src\main\resources
2023-01-28 21:20:13,764 [Worker-34: Building] WARN  o.e.m.c.i.embedder.EclipseLogger - Using platform encoding (Cp1252 actually) to copy filtered resources, i.e. build is platform dependent!
2023-01-28 21:20:13,765 [Worker-34: Building] INFO  o.e.m.c.i.embedder.EclipseLogger - skip non existing resourceDirectory D:\TechnologyStack\Educative\Algorithm-Datastructure\Grokking_Coding_Interview_Patterns_Java\workspace-pattern\git\algo-ds-pattern\pattern\src\test\resources
2023-01-28 21:21:07,780 [Worker-34: Building] WARN  o.e.m.c.i.embedder.EclipseLogger - Using platform encoding (Cp1252 actually) to copy filtered resources, i.e. build is platform dependent!
2023-01-28 21:21:07,781 [Worker-34: Building] INFO  o.e.m.c.i.embedder.EclipseLogger - skip non existing resourceDirectory D:\TechnologyStack\Educative\Algorithm-Datastructure\Grokking_Coding_Interview_Patterns_Java\workspace-pattern\git\algo-ds-pattern\pattern\src\main\resources
2023-01-28 21:21:07,782 [Worker-34: Building] WARN  o.e.m.c.i.embedder.EclipseLogger - Using platform encoding (Cp1252 actually) to copy filtered resources, i.e. build is platform dependent!
2023-01-28 21:21:07,782 [Worker-34: Building] INFO  o.e.m.c.i.embedder.EclipseLogger - skip non existing resourceDirectory D:\TechnologyStack\Educative\Algorithm-Datastructure\Grokking_Coding_Interview_Patterns_Java\workspace-pattern\git\algo-ds-pattern\pattern\src\test\resources
2023-01-28 21:23:39,341 [Worker-27: Building] WARN  o.e.m.c.i.embedder.EclipseLogger - Using platform encoding (Cp1252 actually) to copy filtered resources, i.e. build is platform dependent!
2023-01-28 21:23:39,341 [Worker-27: Building] INFO  o.e.m.c.i.embedder.EclipseLogger - skip non existing resourceDirectory D:\TechnologyStack\Educative\Algorithm-Datastructure\Grokking_Coding_Interview_Patterns_Java\workspace-pattern\git\algo-ds-pattern\pattern\src\main\resources
2023-01-28 21:23:39,342 [Worker-27: Building] WARN  o.e.m.c.i.embedder.EclipseLogger - Using platform encoding (Cp1252 actually) to copy filtered resources, i.e. build is platform dependent!
2023-01-28 21:23:39,343 [Worker-27: Building] INFO  o.e.m.c.i.embedder.EclipseLogger - skip non existing resourceDirectory D:\TechnologyStack\Educative\Algorithm-Datastructure\Grokking_Coding_Interview_Patterns_Java\workspace-pattern\git\algo-ds-pattern\pattern\src\test\resources
2023-01-28 21:23:52,247 [Worker-36: Building] WARN  o.e.m.c.i.embedder.EclipseLogger - Using platform encoding (Cp1252 actually) to copy filtered resources, i.e. build is platform dependent!
2023-01-28 21:23:52,248 [Worker-36: Building] INFO  o.e.m.c.i.embedder.EclipseLogger - skip non existing resourceDirectory D:\TechnologyStack\Educative\Algorithm-Datastructure\Grokking_Coding_Interview_Patterns_Java\workspace-pattern\git\algo-ds-pattern\pattern\src\main\resources
2023-01-28 21:23:52,248 [Worker-36: Building] WARN  o.e.m.c.i.embedder.EclipseLogger - Using platform encoding (Cp1252 actually) to copy filtered resources, i.e. build is platform dependent!
2023-01-28 21:23:52,249 [Worker-36: Building] INFO  o.e.m.c.i.embedder.EclipseLogger - skip non existing resourceDirectory D:\TechnologyStack\Educative\Algorithm-Datastructure\Grokking_Coding_Interview_Patterns_Java\workspace-pattern\git\algo-ds-pattern\pattern\src\test\resources
2023-01-28 21:24:12,713 [Worker-33: Building] WARN  o.e.m.c.i.embedder.EclipseLogger - Using platform encoding (Cp1252 actually) to copy filtered resources, i.e. build is platform dependent!
2023-01-28 21:24:12,714 [Worker-33: Building] INFO  o.e.m.c.i.embedder.EclipseLogger - skip non existing resourceDirectory D:\TechnologyStack\Educative\Algorithm-Datastructure\Grokking_Coding_Interview_Patterns_Java\workspace-pattern\git\algo-ds-pattern\pattern\src\main\resources
2023-01-28 21:24:12,714 [Worker-33: Building] WARN  o.e.m.c.i.embedder.EclipseLogger - Using platform encoding (Cp1252 actually) to copy filtered resources, i.e. build is platform dependent!
2023-01-28 21:24:12,715 [Worker-33: Building] INFO  o.e.m.c.i.embedder.EclipseLogger - skip non existing resourceDirectory D:\TechnologyStack\Educative\Algorithm-Datastructure\Grokking_Coding_Interview_Patterns_Java\workspace-pattern\git\algo-ds-pattern\pattern\src\test\resources
2023-01-29 14:38:29,586 [Worker-38: Building] WARN  o.e.m.c.i.embedder.EclipseLogger - Using platform encoding (Cp1252 actually) to copy filtered resources, i.e. build is platform dependent!
2023-01-29 14:38:29,600 [Worker-38: Building] INFO  o.e.m.c.i.embedder.EclipseLogger - skip non existing resourceDirectory D:\TechnologyStack\Educative\Algorithm-Datastructure\Grokking_Coding_Interview_Patterns_Java\workspace-pattern\git\algo-ds-pattern\pattern\src\main\resources
2023-01-29 14:38:29,602 [Worker-38: Building] WARN  o.e.m.c.i.embedder.EclipseLogger - Using platform encoding (Cp1252 actually) to copy filtered resources, i.e. build is platform dependent!
2023-01-29 14:38:29,603 [Worker-38: Building] INFO  o.e.m.c.i.embedder.EclipseLogger - skip non existing resourceDirectory D:\TechnologyStack\Educative\Algorithm-Datastructure\Grokking_Coding_Interview_Patterns_Java\workspace-pattern\git\algo-ds-pattern\pattern\src\test\resources
2023-01-29 14:38:56,138 [Worker-41: Building] WARN  o.e.m.c.i.embedder.EclipseLogger - Using platform encoding (Cp1252 actually) to copy filtered resources, i.e. build is platform dependent!
2023-01-29 14:38:56,139 [Worker-41: Building] INFO  o.e.m.c.i.embedder.EclipseLogger - skip non existing resourceDirectory D:\TechnologyStack\Educative\Algorithm-Datastructure\Grokking_Coding_Interview_Patterns_Java\workspace-pattern\git\algo-ds-pattern\pattern\src\main\resources
2023-01-29 14:38:56,140 [Worker-41: Building] WARN  o.e.m.c.i.embedder.EclipseLogger - Using platform encoding (Cp1252 actually) to copy filtered resources, i.e. build is platform dependent!
2023-01-29 14:38:56,141 [Worker-41: Building] INFO  o.e.m.c.i.embedder.EclipseLogger - skip non existing resourceDirectory D:\TechnologyStack\Educative\Algorithm-Datastructure\Grokking_Coding_Interview_Patterns_Java\workspace-pattern\git\algo-ds-pattern\pattern\src\test\resources
2023-01-29 14:39:08,219 [Worker-41: Building] WARN  o.e.m.c.i.embedder.EclipseLogger - Using platform encoding (Cp1252 actually) to copy filtered resources, i.e. build is platform dependent!
2023-01-29 14:39:08,220 [Worker-41: Building] INFO  o.e.m.c.i.embedder.EclipseLogger - skip non existing resourceDirectory D:\TechnologyStack\Educative\Algorithm-Datastructure\Grokking_Coding_Interview_Patterns_Java\workspace-pattern\git\algo-ds-pattern\pattern\src\main\resources
2023-01-29 14:39:08,221 [Worker-41: Building] WARN  o.e.m.c.i.embedder.EclipseLogger - Using platform encoding (Cp1252 actually) to copy filtered resources, i.e. build is platform dependent!
2023-01-29 14:39:08,222 [Worker-41: Building] INFO  o.e.m.c.i.embedder.EclipseLogger - skip non existing resourceDirectory D:\TechnologyStack\Educative\Algorithm-Datastructure\Grokking_Coding_Interview_Patterns_Java\workspace-pattern\git\algo-ds-pattern\pattern\src\test\resources
2023-01-29 14:39:20,078 [Worker-39: Building] WARN  o.e.m.c.i.embedder.EclipseLogger - Using platform encoding (Cp1252 actually) to copy filtered resources, i.e. build is platform dependent!
2023-01-29 14:39:20,079 [Worker-39: Building] INFO  o.e.m.c.i.embedder.EclipseLogger - skip non existing resourceDirectory D:\TechnologyStack\Educative\Algorithm-Datastructure\Grokking_Coding_Interview_Patterns_Java\workspace-pattern\git\algo-ds-pattern\pattern\src\main\resources
2023-01-29 14:39:20,080 [Worker-39: Building] WARN  o.e.m.c.i.embedder.EclipseLogger - Using platform encoding (Cp1252 actually) to copy filtered resources, i.e. build is platform dependent!
2023-01-29 14:39:20,081 [Worker-39: Building] INFO  o.e.m.c.i.embedder.EclipseLogger - skip non existing resourceDirectory D:\TechnologyStack\Educative\Algorithm-Datastructure\Grokking_Coding_Interview_Patterns_Java\workspace-pattern\git\algo-ds-pattern\pattern\src\test\resources
2023-01-29 14:41:21,911 [Worker-40: Building] WARN  o.e.m.c.i.embedder.EclipseLogger - Using platform encoding (Cp1252 actually) to copy filtered resources, i.e. build is platform dependent!
2023-01-29 14:41:21,912 [Worker-40: Building] INFO  o.e.m.c.i.embedder.EclipseLogger - skip non existing resourceDirectory D:\TechnologyStack\Educative\Algorithm-Datastructure\Grokking_Coding_Interview_Patterns_Java\workspace-pattern\git\algo-ds-pattern\pattern\src\main\resources
2023-01-29 14:41:21,912 [Worker-40: Building] WARN  o.e.m.c.i.embedder.EclipseLogger - Using platform encoding (Cp1252 actually) to copy filtered resources, i.e. build is platform dependent!
2023-01-29 14:41:21,913 [Worker-40: Building] INFO  o.e.m.c.i.embedder.EclipseLogger - skip non existing resourceDirectory D:\TechnologyStack\Educative\Algorithm-Datastructure\Grokking_Coding_Interview_Patterns_Java\workspace-pattern\git\algo-ds-pattern\pattern\src\test\resources
2023-02-04 11:56:29,982 [Worker-0: Loading available Gradle versions] INFO  o.e.b.c.i.u.g.PublishedGradleVersions - Gradle version information cache is out-of-date. Trying to update.
2023-02-04 11:57:52,094 [Worker-0: Building] WARN  o.e.m.c.i.embedder.EclipseLogger - Using platform encoding (Cp1252 actually) to copy filtered resources, i.e. build is platform dependent!
2023-02-04 11:57:52,095 [Worker-0: Building] INFO  o.e.m.c.i.embedder.EclipseLogger - skip non existing resourceDirectory D:\TechnologyStack\Educative\Algorithm-Datastructure\Grokking_Coding_Interview_Patterns_Java\workspace-pattern\git\algo-ds-pattern\pattern\src\main\resources
2023-02-04 11:57:52,097 [Worker-0: Building] WARN  o.e.m.c.i.embedder.EclipseLogger - Using platform encoding (Cp1252 actually) to copy filtered resources, i.e. build is platform dependent!
2023-02-04 11:57:52,098 [Worker-0: Building] INFO  o.e.m.c.i.embedder.EclipseLogger - skip non existing resourceDirectory D:\TechnologyStack\Educative\Algorithm-Datastructure\Grokking_Coding_Interview_Patterns_Java\workspace-pattern\git\algo-ds-pattern\pattern\src\test\resources
2023-02-04 11:59:47,802 [Worker-5: Building] WARN  o.e.m.c.i.embedder.EclipseLogger - Using platform encoding (Cp1252 actually) to copy filtered resources, i.e. build is platform dependent!
2023-02-04 11:59:47,803 [Worker-5: Building] INFO  o.e.m.c.i.embedder.EclipseLogger - skip non existing resourceDirectory D:\TechnologyStack\Educative\Algorithm-Datastructure\Grokking_Coding_Interview_Patterns_Java\workspace-pattern\git\algo-ds-pattern\pattern\src\main\resources
2023-02-04 11:59:47,805 [Worker-5: Building] WARN  o.e.m.c.i.embedder.EclipseLogger - Using platform encoding (Cp1252 actually) to copy filtered resources, i.e. build is platform dependent!
2023-02-04 11:59:47,806 [Worker-5: Building] INFO  o.e.m.c.i.embedder.EclipseLogger - skip non existing resourceDirectory D:\TechnologyStack\Educative\Algorithm-Datastructure\Grokking_Coding_Interview_Patterns_Java\workspace-pattern\git\algo-ds-pattern\pattern\src\test\resources
2023-02-04 12:00:00,836 [Worker-6: Building] WARN  o.e.m.c.i.embedder.EclipseLogger - Using platform encoding (Cp1252 actually) to copy filtered resources, i.e. build is platform dependent!
2023-02-04 12:00:00,837 [Worker-6: Building] INFO  o.e.m.c.i.embedder.EclipseLogger - skip non existing resourceDirectory D:\TechnologyStack\Educative\Algorithm-Datastructure\Grokking_Coding_Interview_Patterns_Java\workspace-pattern\git\algo-ds-pattern\pattern\src\main\resources
2023-02-04 12:00:00,838 [Worker-6: Building] WARN  o.e.m.c.i.embedder.EclipseLogger - Using platform encoding (Cp1252 actually) to copy filtered resources, i.e. build is platform dependent!
2023-02-04 12:00:00,840 [Worker-6: Building] INFO  o.e.m.c.i.embedder.EclipseLogger - skip non existing resourceDirectory D:\TechnologyStack\Educative\Algorithm-Datastructure\Grokking_Coding_Interview_Patterns_Java\workspace-pattern\git\algo-ds-pattern\pattern\src\test\resources
2023-02-04 12:00:22,736 [Worker-7: Building] WARN  o.e.m.c.i.embedder.EclipseLogger - Using platform encoding (Cp1252 actually) to copy filtered resources, i.e. build is platform dependent!
2023-02-04 12:00:22,737 [Worker-7: Building] INFO  o.e.m.c.i.embedder.EclipseLogger - skip non existing resourceDirectory D:\TechnologyStack\Educative\Algorithm-Datastructure\Grokking_Coding_Interview_Patterns_Java\workspace-pattern\git\algo-ds-pattern\pattern\src\main\resources
2023-02-04 12:00:22,738 [Worker-7: Building] WARN  o.e.m.c.i.embedder.EclipseLogger - Using platform encoding (Cp1252 actually) to copy filtered resources, i.e. build is platform dependent!
2023-02-04 12:00:22,739 [Worker-7: Building] INFO  o.e.m.c.i.embedder.EclipseLogger - skip non existing resourceDirectory D:\TechnologyStack\Educative\Algorithm-Datastructure\Grokking_Coding_Interview_Patterns_Java\workspace-pattern\git\algo-ds-pattern\pattern\src\test\resources
2023-02-04 12:02:18,701 [Worker-6: Building] WARN  o.e.m.c.i.embedder.EclipseLogger - Using platform encoding (Cp1252 actually) to copy filtered resources, i.e. build is platform dependent!
2023-02-04 12:02:18,703 [Worker-6: Building] INFO  o.e.m.c.i.embedder.EclipseLogger - skip non existing resourceDirectory D:\TechnologyStack\Educative\Algorithm-Datastructure\Grokking_Coding_Interview_Patterns_Java\workspace-pattern\git\algo-ds-pattern\pattern\src\main\resources
2023-02-04 12:02:18,704 [Worker-6: Building] WARN  o.e.m.c.i.embedder.EclipseLogger - Using platform encoding (Cp1252 actually) to copy filtered resources, i.e. build is platform dependent!
2023-02-04 12:02:18,705 [Worker-6: Building] INFO  o.e.m.c.i.embedder.EclipseLogger - skip non existing resourceDirectory D:\TechnologyStack\Educative\Algorithm-Datastructure\Grokking_Coding_Interview_Patterns_Java\workspace-pattern\git\algo-ds-pattern\pattern\src\test\resources
2023-02-04 12:02:31,638 [Worker-7: Building] WARN  o.e.m.c.i.embedder.EclipseLogger - Using platform encoding (Cp1252 actually) to copy filtered resources, i.e. build is platform dependent!
2023-02-04 12:02:31,639 [Worker-7: Building] INFO  o.e.m.c.i.embedder.EclipseLogger - skip non existing resourceDirectory D:\TechnologyStack\Educative\Algorithm-Datastructure\Grokking_Coding_Interview_Patterns_Java\workspace-pattern\git\algo-ds-pattern\pattern\src\main\resources
2023-02-04 12:02:31,640 [Worker-7: Building] WARN  o.e.m.c.i.embedder.EclipseLogger - Using platform encoding (Cp1252 actually) to copy filtered resources, i.e. build is platform dependent!
2023-02-04 12:02:31,641 [Worker-7: Building] INFO  o.e.m.c.i.embedder.EclipseLogger - skip non existing resourceDirectory D:\TechnologyStack\Educative\Algorithm-Datastructure\Grokking_Coding_Interview_Patterns_Java\workspace-pattern\git\algo-ds-pattern\pattern\src\test\resources
2023-02-04 12:03:11,572 [Worker-7: Building] WARN  o.e.m.c.i.embedder.EclipseLogger - Using platform encoding (Cp1252 actually) to copy filtered resources, i.e. build is platform dependent!
2023-02-04 12:03:11,573 [Worker-7: Building] INFO  o.e.m.c.i.embedder.EclipseLogger - skip non existing resourceDirectory D:\TechnologyStack\Educative\Algorithm-Datastructure\Grokking_Coding_Interview_Patterns_Java\workspace-pattern\git\algo-ds-pattern\pattern\src\main\resources
2023-02-04 12:03:11,575 [Worker-7: Building] WARN  o.e.m.c.i.embedder.EclipseLogger - Using platform encoding (Cp1252 actually) to copy filtered resources, i.e. build is platform dependent!
2023-02-04 12:03:11,576 [Worker-7: Building] INFO  o.e.m.c.i.embedder.EclipseLogger - skip non existing resourceDirectory D:\TechnologyStack\Educative\Algorithm-Datastructure\Grokking_Coding_Interview_Patterns_Java\workspace-pattern\git\algo-ds-pattern\pattern\src\test\resources
2023-02-04 12:03:19,911 [Worker-6: Building] WARN  o.e.m.c.i.embedder.EclipseLogger - Using platform encoding (Cp1252 actually) to copy filtered resources, i.e. build is platform dependent!
2023-02-04 12:03:19,912 [Worker-6: Building] INFO  o.e.m.c.i.embedder.EclipseLogger - skip non existing resourceDirectory D:\TechnologyStack\Educative\Algorithm-Datastructure\Grokking_Coding_Interview_Patterns_Java\workspace-pattern\git\algo-ds-pattern\pattern\src\main\resources
2023-02-04 12:03:19,914 [Worker-6: Building] WARN  o.e.m.c.i.embedder.EclipseLogger - Using platform encoding (Cp1252 actually) to copy filtered resources, i.e. build is platform dependent!
2023-02-04 12:03:19,915 [Worker-6: Building] INFO  o.e.m.c.i.embedder.EclipseLogger - skip non existing resourceDirectory D:\TechnologyStack\Educative\Algorithm-Datastructure\Grokking_Coding_Interview_Patterns_Java\workspace-pattern\git\algo-ds-pattern\pattern\src\test\resources
2023-02-04 12:03:31,618 [Worker-6: Building] WARN  o.e.m.c.i.embedder.EclipseLogger - Using platform encoding (Cp1252 actually) to copy filtered resources, i.e. build is platform dependent!
2023-02-04 12:03:31,620 [Worker-6: Building] INFO  o.e.m.c.i.embedder.EclipseLogger - skip non existing resourceDirectory D:\TechnologyStack\Educative\Algorithm-Datastructure\Grokking_Coding_Interview_Patterns_Java\workspace-pattern\git\algo-ds-pattern\pattern\src\main\resources
2023-02-04 12:03:31,622 [Worker-6: Building] WARN  o.e.m.c.i.embedder.EclipseLogger - Using platform encoding (Cp1252 actually) to copy filtered resources, i.e. build is platform dependent!
2023-02-04 12:03:31,623 [Worker-6: Building] INFO  o.e.m.c.i.embedder.EclipseLogger - skip non existing resourceDirectory D:\TechnologyStack\Educative\Algorithm-Datastructure\Grokking_Coding_Interview_Patterns_Java\workspace-pattern\git\algo-ds-pattern\pattern\src\test\resources
2023-02-04 12:04:06,708 [Worker-1: Building] WARN  o.e.m.c.i.embedder.EclipseLogger - Using platform encoding (Cp1252 actually) to copy filtered resources, i.e. build is platform dependent!
2023-02-04 12:04:06,709 [Worker-1: Building] INFO  o.e.m.c.i.embedder.EclipseLogger - skip non existing resourceDirectory D:\TechnologyStack\Educative\Algorithm-Datastructure\Grokking_Coding_Interview_Patterns_Java\workspace-pattern\git\algo-ds-pattern\pattern\src\main\resources
2023-02-04 12:04:06,710 [Worker-1: Building] WARN  o.e.m.c.i.embedder.EclipseLogger - Using platform encoding (Cp1252 actually) to copy filtered resources, i.e. build is platform dependent!
2023-02-04 12:04:06,711 [Worker-1: Building] INFO  o.e.m.c.i.embedder.EclipseLogger - skip non existing resourceDirectory D:\TechnologyStack\Educative\Algorithm-Datastructure\Grokking_Coding_Interview_Patterns_Java\workspace-pattern\git\algo-ds-pattern\pattern\src\test\resources
2023-02-04 12:04:23,728 [Worker-4: Building] WARN  o.e.m.c.i.embedder.EclipseLogger - Using platform encoding (Cp1252 actually) to copy filtered resources, i.e. build is platform dependent!
2023-02-04 12:04:23,729 [Worker-4: Building] INFO  o.e.m.c.i.embedder.EclipseLogger - skip non existing resourceDirectory D:\TechnologyStack\Educative\Algorithm-Datastructure\Grokking_Coding_Interview_Patterns_Java\workspace-pattern\git\algo-ds-pattern\pattern\src\main\resources
2023-02-04 12:04:23,729 [Worker-4: Building] WARN  o.e.m.c.i.embedder.EclipseLogger - Using platform encoding (Cp1252 actually) to copy filtered resources, i.e. build is platform dependent!
2023-02-04 12:04:23,730 [Worker-4: Building] INFO  o.e.m.c.i.embedder.EclipseLogger - skip non existing resourceDirectory D:\TechnologyStack\Educative\Algorithm-Datastructure\Grokking_Coding_Interview_Patterns_Java\workspace-pattern\git\algo-ds-pattern\pattern\src\test\resources
